=== ENVIRONMENT DEBUG ===
FLASK_ENV: None
DATABASE_URL: None
REDIS_URL: None
========================
Using config: development
OAuth Base URL: http://localhost:5000
=== ENVIRONMENT DEBUG ===
FLASK_ENV: None
DATABASE_URL: None
REDIS_URL: None
========================
Using config: development
OAuth Base URL: http://localhost:5000
✅ Development configuration loaded
Initializing database with URI: sqlite:///website/database32.db
All models imported successfully
Creating database with URI: sqlite:///website/database32.db
 * Serving Flask app 'website'
 * Debug mode: off
WARNING: This is a development server. Do not use it in a production deployment. Use a production WSGI server instead.
 * Running on all addresses (0.0.0.0)
 * Running on http://127.0.0.1:5001
 * Running on http://192.168.29.215:5001
Press CTRL+C to quit
127.0.0.1 - - [24/Jun/2025 01:05:27] "GET / HTTP/1.1" 200 -
